<?xml version="1.0" encoding="UTF-8"?>
<testng-results skipped="0" failed="0" ignored="0" total="1" passed="1">
  <reporter-output>
  </reporter-output>
  <suite name="Default suite" duration-ms="4040" started-at="2021-11-07T07:54:04Z" finished-at="2021-11-07T07:54:08Z">
    <groups>
    </groups>
    <test name="Default test" duration-ms="4040" started-at="2021-11-07T07:54:04Z" finished-at="2021-11-07T07:54:08Z">
      <class name="suiteA.TestA2">
        <test-method status="PASS" signature="f()[pri:0, instance:suiteA.TestA2@6a41eaa2]" name="f" duration-ms="4016" started-at="2021-11-07T07:54:04Z" finished-at="2021-11-07T07:54:08Z">
          <reporter-output>
          </reporter-output>
        </test-method> <!-- f -->
      </class> <!-- suiteA.TestA2 -->
    </test> <!-- Default test -->
  </suite> <!-- Default suite -->
</testng-results>
